# JRE version: Java(TM) SE Runtime Environment (17.0.1+12) (build 17.0.1+12-LTS-39)
# Java VM: Java HotSpot(TM) 64-Bit Server VM (17.0.1+12-LTS-39, mixed mode, sharing, tiered, compressed oops, compressed class ptrs, g1 gc, bsd-amd64)
Heap:
 garbage-first heap   total 61440K, used 26209K [0x0000000780000000, 0x0000000800000000)
  region size 1024K, 10 young (10240K), 1 survivors (1024K)
 Metaspace       used 34138K, committed 34496K, reserved 1081344K
  class space    used 4957K, committed 5120K, reserved 1048576K
GC Heap History (10 events):
Event: 2.220 GC heap before
{Heap before GC invocations=0 (full 0):
 garbage-first heap   total 133120K, used 13268K [0x0000000780000000, 0x0000000800000000)
  region size 1024K, 13 young (13312K), 0 survivors (0K)
 Metaspace       used 3400K, committed 3520K, reserved 1056768K
  class space    used 374K, committed 448K, reserved 1048576K
}
Event: 2.226 GC heap after
{Heap after GC invocations=1 (full 0):
 garbage-first heap   total 133120K, used 3213K [0x0000000780000000, 0x0000000800000000)
  region size 1024K, 2 young (2048K), 2 survivors (2048K)
 Metaspace       used 3400K, committed 3520K, reserved 1056768K
  class space    used 374K, committed 448K, reserved 1048576K
}
Event: 3.423 GC heap before
{Heap before GC invocations=1 (full 0):
 garbage-first heap   total 133120K, used 23693K [0x0000000780000000, 0x0000000800000000)
  region size 1024K, 23 young (23552K), 2 survivors (2048K)
 Metaspace       used 8698K, committed 8896K, reserved 1064960K
  class space    used 1133K, committed 1216K, reserved 1048576K
}
Event: 3.434 GC heap after
{Heap after GC invocations=2 (full 0):
 garbage-first heap   total 133120K, used 6125K [0x0000000780000000, 0x0000000800000000)
  region size 1024K, 3 young (3072K), 3 survivors (3072K)
 Metaspace       used 8698K, committed 8896K, reserved 1064960K
  class space    used 1133K, committed 1216K, reserved 1048576K
}
Event: 13.183 GC heap before
{Heap before GC invocations=2 (full 0):
 garbage-first heap   total 133120K, used 68589K [0x0000000780000000, 0x0000000800000000)
  region size 1024K, 61 young (62464K), 3 survivors (3072K)
 Metaspace       used 21180K, committed 21504K, reserved 1073152K
  class space    used 3320K, committed 3456K, reserved 1048576K
}
Event: 13.220 GC heap after
{Heap after GC invocations=3 (full 0):
 garbage-first heap   total 133120K, used 14661K [0x0000000780000000, 0x0000000800000000)
  region size 1024K, 8 young (8192K), 8 survivors (8192K)
 Metaspace       used 21180K, committed 21504K, reserved 1073152K
  class space    used 3320K, committed 3456K, reserved 1048576K
}
Event: 16.041 GC heap before
{Heap before GC invocations=4 (full 0):
 garbage-first heap   total 61440K, used 43333K [0x0000000780000000, 0x0000000800000000)
  region size 1024K, 36 young (36864K), 8 survivors (8192K)
 Metaspace       used 28996K, committed 29312K, reserved 1081344K
  class space    used 4344K, committed 4480K, reserved 1048576K
}
Event: 16.061 GC heap after
{Heap after GC invocations=5 (full 0):
 garbage-first heap   total 61440K, used 17240K [0x0000000780000000, 0x0000000800000000)
  region size 1024K, 3 young (3072K), 3 survivors (3072K)
 Metaspace       used 28996K, committed 29312K, reserved 1081344K
  class space    used 4344K, committed 4480K, reserved 1048576K
}
Event: 16.149 GC heap before
{Heap before GC invocations=5 (full 0):
 garbage-first heap   total 61440K, used 18264K [0x0000000780000000, 0x0000000800000000)
  region size 1024K, 4 young (4096K), 3 survivors (3072K)
 Metaspace       used 29026K, committed 29376K, reserved 1081344K
  class space    used 4345K, committed 4480K, reserved 1048576K
}
Event: 16.166 GC heap after
{Heap after GC invocations=6 (full 0):
 garbage-first heap   total 61440K, used 17373K [0x0000000780000000, 0x0000000800000000)
  region size 1024K, 1 young (1024K), 1 survivors (1024K)
 Metaspace       used 29026K, committed 29376K, reserved 1081344K
  class space    used 4345K, committed 4480K, reserved 1048576K
}

