# JRE version: OpenJDK Runtime Environment (16.0.2+7) (build 16.0.2+7-67)
# Java VM: OpenJDK 64-Bit Server VM (16.0.2+7-67, mixed mode, tiered, compressed oops, compressed class ptrs, g1 gc, bsd-amd64)
Heap:
 garbage-first heap   total 45056K, used 17909K [0x0000000780000000, 0x0000000800000000)
  region size 1024K, 5 young (5120K), 2 survivors (2048K)
 Metaspace       used 36003K, committed 36416K, reserved 1081344K
  class space    used 4839K, committed 5056K, reserved 1048576K
GC Heap History (10 events):
Event: 0.610 GC heap before
{Heap before GC invocations=0 (full 0):
 garbage-first heap   total 131072K, used 22528K [0x0000000780000000, 0x0000000800000000)
  region size 1024K, 23 young (23552K), 0 survivors (0K)
 Metaspace       used 13015K, committed 13184K, reserved 1064960K
  class space    used 1362K, committed 1408K, reserved 1048576K
}
Event: 0.613 GC heap after
{Heap after GC invocations=1 (full 0):
 garbage-first heap   total 131072K, used 3556K [0x0000000780000000, 0x0000000800000000)
  region size 1024K, 3 young (3072K), 3 survivors (3072K)
 Metaspace       used 13015K, committed 13184K, reserved 1064960K
  class space    used 1362K, committed 1408K, reserved 1048576K
}
Event: 1.441 GC heap before
{Heap before GC invocations=1 (full 0):
 garbage-first heap   total 131072K, used 33252K [0x0000000780000000, 0x0000000800000000)
  region size 1024K, 30 young (30720K), 3 survivors (3072K)
 Metaspace       used 21084K, committed 21248K, reserved 1073152K
  class space    used 2522K, committed 2624K, reserved 1048576K
}
Event: 1.445 GC heap after
{Heap after GC invocations=2 (full 0):
 garbage-first heap   total 131072K, used 11135K [0x0000000780000000, 0x0000000800000000)
  region size 1024K, 4 young (4096K), 4 survivors (4096K)
 Metaspace       used 21084K, committed 21248K, reserved 1073152K
  class space    used 2522K, committed 2624K, reserved 1048576K
}
Event: 1.981 GC heap before
{Heap before GC invocations=3 (full 0):
 garbage-first heap   total 45056K, used 33663K [0x0000000780000000, 0x0000000800000000)
  region size 1024K, 26 young (26624K), 4 survivors (4096K)
 Metaspace       used 26331K, committed 26624K, reserved 1073152K
  class space    used 3619K, committed 3776K, reserved 1048576K
}
Event: 1.985 GC heap after
{Heap after GC invocations=4 (full 0):
 garbage-first heap   total 45056K, used 13383K [0x0000000780000000, 0x0000000800000000)
  region size 1024K, 3 young (3072K), 3 survivors (3072K)
 Metaspace       used 26331K, committed 26624K, reserved 1073152K
  class space    used 3619K, committed 3776K, reserved 1048576K
}
Event: 4.224 GC heap before
{Heap before GC invocations=4 (full 0):
 garbage-first heap   total 45056K, used 30791K [0x0000000780000000, 0x0000000800000000)
  region size 1024K, 20 young (20480K), 3 survivors (3072K)
 Metaspace       used 30275K, committed 30592K, reserved 1081344K
  class space    used 4121K, committed 4288K, reserved 1048576K
}
Event: 4.227 GC heap after
{Heap after GC invocations=5 (full 0):
 garbage-first heap   total 45056K, used 14542K [0x0000000780000000, 0x0000000800000000)
  region size 1024K, 2 young (2048K), 2 survivors (2048K)
 Metaspace       used 30275K, committed 30592K, reserved 1081344K
  class space    used 4121K, committed 4288K, reserved 1048576K
}
Event: 4.415 GC heap before
{Heap before GC invocations=5 (full 0):
 garbage-first heap   total 45056K, used 16590K [0x0000000780000000, 0x0000000800000000)
  region size 1024K, 5 young (5120K), 2 survivors (2048K)
 Metaspace       used 35142K, committed 35520K, reserved 1081344K
  class space    used 4751K, committed 4928K, reserved 1048576K
}
Event: 4.419 GC heap after
{Heap after GC invocations=6 (full 0):
 garbage-first heap   total 45056K, used 15135K [0x0000000780000000, 0x0000000800000000)
  region size 1024K, 2 young (2048K), 2 survivors (2048K)
 Metaspace       used 35142K, committed 35520K, reserved 1081344K
  class space    used 4751K, committed 4928K, reserved 1048576K
}

