# JRE version: Java(TM) SE Runtime Environment (17.0.1+12) (build 17.0.1+12-LTS-39)
# Java VM: Java HotSpot(TM) 64-Bit Server VM (17.0.1+12-LTS-39, mixed mode, sharing, tiered, compressed oops, compressed class ptrs, g1 gc, bsd-amd64)
GC Precious Log:
 CPUs: 4 total, 4 available
 Memory: 8192M
 Large Page Support: Disabled
 NUMA Support: Disabled
 Compressed Oops: Enabled (Zero based)
 Heap Region Size: 1M
 Heap Min Capacity: 8M
 Heap Initial Capacity: 128M
 Heap Max Capacity: 2G
 Pre-touch: Disabled
 Parallel Workers: 4
 Concurrent Workers: 1
 Concurrent Refinement Workers: 4
 Periodic GC: Disabled
Heap:
 garbage-first heap   total 59392K, used 27424K [0x0000000780000000, 0x0000000800000000)
  region size 1024K, 3 young (3072K), 2 survivors (2048K)
 Metaspace       used 33690K, committed 34112K, reserved 1081344K
  class space    used 4528K, committed 4736K, reserved 1048576K
GC Heap History (20 events):
Event: 1241.945 GC heap before
{Heap before GC invocations=48 (full 0):
 garbage-first heap   total 59392K, used 46570K [0x0000000780000000, 0x0000000800000000)
  region size 1024K, 24 young (24576K), 2 survivors (2048K)
 Metaspace       used 33477K, committed 33920K, reserved 1081344K
  class space    used 4507K, committed 4736K, reserved 1048576K
}
Event: 1241.963 GC heap after
{Heap after GC invocations=49 (full 0):
 garbage-first heap   total 59392K, used 23968K [0x0000000780000000, 0x0000000800000000)
  region size 1024K, 2 young (2048K), 2 survivors (2048K)
 Metaspace       used 33477K, committed 33920K, reserved 1081344K
  class space    used 4507K, committed 4736K, reserved 1048576K
}
Event: 1266.899 GC heap before
{Heap before GC invocations=49 (full 0):
 garbage-first heap   total 59392K, used 47520K [0x0000000780000000, 0x0000000800000000)
  region size 1024K, 25 young (25600K), 2 survivors (2048K)
 Metaspace       used 33477K, committed 33920K, reserved 1081344K
  class space    used 4507K, committed 4736K, reserved 1048576K
}
Event: 1266.945 GC heap after
{Heap after GC invocations=50 (full 0):
 garbage-first heap   total 59392K, used 24236K [0x0000000780000000, 0x0000000800000000)
  region size 1024K, 2 young (2048K), 2 survivors (2048K)
 Metaspace       used 33477K, committed 33920K, reserved 1081344K
  class space    used 4507K, committed 4736K, reserved 1048576K
}
Event: 1271.667 GC heap before
{Heap before GC invocations=50 (full 0):
 garbage-first heap   total 59392K, used 47788K [0x0000000780000000, 0x0000000800000000)
  region size 1024K, 25 young (25600K), 2 survivors (2048K)
 Metaspace       used 33480K, committed 33920K, reserved 1081344K
  class space    used 4507K, committed 4736K, reserved 1048576K
}
Event: 1271.684 GC heap after
{Heap after GC invocations=51 (full 0):
 garbage-first heap   total 59392K, used 24234K [0x0000000780000000, 0x0000000800000000)
  region size 1024K, 2 young (2048K), 2 survivors (2048K)
 Metaspace       used 33480K, committed 33920K, reserved 1081344K
  class space    used 4507K, committed 4736K, reserved 1048576K
}
Event: 1277.795 GC heap before
{Heap before GC invocations=51 (full 0):
 garbage-first heap   total 59392K, used 47786K [0x0000000780000000, 0x0000000800000000)
  region size 1024K, 25 young (25600K), 2 survivors (2048K)
 Metaspace       used 33481K, committed 33920K, reserved 1081344K
  class space    used 4507K, committed 4736K, reserved 1048576K
}
Event: 1277.824 GC heap after
{Heap after GC invocations=52 (full 0):
 garbage-first heap   total 59392K, used 24161K [0x0000000780000000, 0x0000000800000000)
  region size 1024K, 2 young (2048K), 2 survivors (2048K)
 Metaspace       used 33481K, committed 33920K, reserved 1081344K
  class space    used 4507K, committed 4736K, reserved 1048576K
}
Event: 1283.814 GC heap before
{Heap before GC invocations=52 (full 0):
 garbage-first heap   total 59392K, used 48737K [0x0000000780000000, 0x0000000800000000)
  region size 1024K, 26 young (26624K), 2 survivors (2048K)
 Metaspace       used 33482K, committed 33920K, reserved 1081344K
  class space    used 4507K, committed 4736K, reserved 1048576K
}
Event: 1283.816 GC heap after
{Heap after GC invocations=53 (full 0):
 garbage-first heap   total 59392K, used 24237K [0x0000000780000000, 0x0000000800000000)
  region size 1024K, 2 young (2048K), 2 survivors (2048K)
 Metaspace       used 33482K, committed 33920K, reserved 1081344K
  class space    used 4507K, committed 4736K, reserved 1048576K
}
Event: 1286.179 GC heap before
{Heap before GC invocations=53 (full 0):
 garbage-first heap   total 59392K, used 47789K [0x0000000780000000, 0x0000000800000000)
  region size 1024K, 25 young (25600K), 2 survivors (2048K)
 Metaspace       used 33483K, committed 33920K, reserved 1081344K
  class space    used 4507K, committed 4736K, reserved 1048576K
}
Event: 1286.183 GC heap after
{Heap after GC invocations=54 (full 0):
 garbage-first heap   total 59392K, used 25434K [0x0000000780000000, 0x0000000800000000)
  region size 1024K, 3 young (3072K), 3 survivors (3072K)
 Metaspace       used 33483K, committed 33920K, reserved 1081344K
  class space    used 4507K, committed 4736K, reserved 1048576K
}
Event: 1291.400 GC heap before
{Heap before GC invocations=54 (full 0):
 garbage-first heap   total 59392K, used 47962K [0x0000000780000000, 0x0000000800000000)
  region size 1024K, 25 young (25600K), 3 survivors (3072K)
 Metaspace       used 33483K, committed 33920K, reserved 1081344K
  class space    used 4507K, committed 4736K, reserved 1048576K
}
Event: 1291.440 GC heap after
{Heap after GC invocations=55 (full 0):
 garbage-first heap   total 59392K, used 26306K [0x0000000780000000, 0x0000000800000000)
  region size 1024K, 3 young (3072K), 3 survivors (3072K)
 Metaspace       used 33483K, committed 33920K, reserved 1081344K
  class space    used 4507K, committed 4736K, reserved 1048576K
}
Event: 1323.788 GC heap before
{Heap before GC invocations=55 (full 0):
 garbage-first heap   total 59392K, used 47810K [0x0000000780000000, 0x0000000800000000)
  region size 1024K, 24 young (24576K), 3 survivors (3072K)
 Metaspace       used 33483K, committed 33920K, reserved 1081344K
  class space    used 4507K, committed 4736K, reserved 1048576K
}
Event: 1323.817 GC heap after
{Heap after GC invocations=56 (full 0):
 garbage-first heap   total 59392K, used 26601K [0x0000000780000000, 0x0000000800000000)
  region size 1024K, 2 young (2048K), 2 survivors (2048K)
 Metaspace       used 33483K, committed 33920K, reserved 1081344K
  class space    used 4507K, committed 4736K, reserved 1048576K
}
Event: 1326.399 GC heap before
{Heap before GC invocations=56 (full 0):
 garbage-first heap   total 59392K, used 47081K [0x0000000780000000, 0x0000000800000000)
  region size 1024K, 22 young (22528K), 2 survivors (2048K)
 Metaspace       used 33483K, committed 33920K, reserved 1081344K
  class space    used 4507K, committed 4736K, reserved 1048576K
}
Event: 1326.403 GC heap after
{Heap after GC invocations=57 (full 0):
 garbage-first heap   total 59392K, used 26346K [0x0000000780000000, 0x0000000800000000)
  region size 1024K, 2 young (2048K), 2 survivors (2048K)
 Metaspace       used 33483K, committed 33920K, reserved 1081344K
  class space    used 4507K, committed 4736K, reserved 1048576K
}
Event: 5364.563 GC heap before
{Heap before GC invocations=57 (full 0):
 garbage-first heap   total 59392K, used 32490K [0x0000000780000000, 0x0000000800000000)
  region size 1024K, 9 young (9216K), 2 survivors (2048K)
 Metaspace       used 33561K, committed 33984K, reserved 1081344K
  class space    used 4516K, committed 4736K, reserved 1048576K
}
Event: 5365.367 GC heap after
{Heap after GC invocations=58 (full 0):
 garbage-first heap   total 59392K, used 26400K [0x0000000780000000, 0x0000000800000000)
  region size 1024K, 2 young (2048K), 2 survivors (2048K)
 Metaspace       used 33561K, committed 33984K, reserved 1081344K
  class space    used 4516K, committed 4736K, reserved 1048576K
}

