# JRE version: Java(TM) SE Runtime Environment (17.0.1+12) (build 17.0.1+12-LTS-39)
# Java VM: Java HotSpot(TM) 64-Bit Server VM (17.0.1+12-LTS-39, mixed mode, sharing, tiered, compressed oops, compressed class ptrs, g1 gc, bsd-amd64)
GC Precious Log:
 CPUs: 4 total, 4 available
 Memory: 8192M
 Large Page Support: Disabled
 NUMA Support: Disabled
 Compressed Oops: Enabled (Zero based)
 Heap Region Size: 1M
 Heap Min Capacity: 8M
 Heap Initial Capacity: 128M
 Heap Max Capacity: 2G
 Pre-touch: Disabled
 Parallel Workers: 4
 Concurrent Workers: 1
 Concurrent Refinement Workers: 4
 Periodic GC: Disabled
Heap:
 garbage-first heap   total 59392K, used 40089K [0x0000000780000000, 0x0000000800000000)
  region size 1024K, 22 young (22528K), 2 survivors (2048K)
 Metaspace       used 35428K, committed 35904K, reserved 1081344K
  class space    used 4835K, committed 5056K, reserved 1048576K
GC Heap History (20 events):
Event: 14.064 GC heap before
{Heap before GC invocations=2 (full 0):
 garbage-first heap   total 133120K, used 68533K [0x0000000780000000, 0x0000000800000000)
  region size 1024K, 61 young (62464K), 3 survivors (3072K)
 Metaspace       used 21236K, committed 21504K, reserved 1073152K
  class space    used 3338K, committed 3456K, reserved 1048576K
}
Event: 14.101 GC heap after
{Heap after GC invocations=3 (full 0):
 garbage-first heap   total 133120K, used 14620K [0x0000000780000000, 0x0000000800000000)
  region size 1024K, 8 young (8192K), 8 survivors (8192K)
 Metaspace       used 21236K, committed 21504K, reserved 1073152K
  class space    used 3338K, committed 3456K, reserved 1048576K
}
Event: 17.363 GC heap before
{Heap before GC invocations=4 (full 0):
 garbage-first heap   total 58368K, used 45340K [0x0000000780000000, 0x0000000800000000)
  region size 1024K, 39 young (39936K), 8 survivors (8192K)
 Metaspace       used 29195K, committed 29440K, reserved 1081344K
  class space    used 4370K, committed 4480K, reserved 1048576K
}
Event: 17.403 GC heap after
{Heap after GC invocations=5 (full 0):
 garbage-first heap   total 59392K, used 17506K [0x0000000780000000, 0x0000000800000000)
  region size 1024K, 7 young (7168K), 7 survivors (7168K)
 Metaspace       used 29195K, committed 29440K, reserved 1081344K
  class space    used 4370K, committed 4480K, reserved 1048576K
}
Event: 276.124 GC heap before
{Heap before GC invocations=5 (full 0):
 garbage-first heap   total 59392K, used 42082K [0x0000000780000000, 0x0000000800000000)
  region size 1024K, 31 young (31744K), 7 survivors (7168K)
 Metaspace       used 33194K, committed 33600K, reserved 1081344K
  class space    used 4803K, committed 4992K, reserved 1048576K
}
Event: 276.159 GC heap after
{Heap after GC invocations=6 (full 0):
 garbage-first heap   total 59392K, used 18737K [0x0000000780000000, 0x0000000800000000)
  region size 1024K, 2 young (2048K), 2 survivors (2048K)
 Metaspace       used 33194K, committed 33600K, reserved 1081344K
  class space    used 4803K, committed 4992K, reserved 1048576K
}
Event: 292.669 GC heap before
{Heap before GC invocations=6 (full 0):
 garbage-first heap   total 59392K, used 43313K [0x0000000780000000, 0x0000000800000000)
  region size 1024K, 26 young (26624K), 2 survivors (2048K)
 Metaspace       used 34105K, committed 34496K, reserved 1081344K
  class space    used 4820K, committed 4992K, reserved 1048576K
}
Event: 292.678 GC heap after
{Heap after GC invocations=7 (full 0):
 garbage-first heap   total 59392K, used 19951K [0x0000000780000000, 0x0000000800000000)
  region size 1024K, 4 young (4096K), 4 survivors (4096K)
 Metaspace       used 34105K, committed 34496K, reserved 1081344K
  class space    used 4820K, committed 4992K, reserved 1048576K
}
Event: 295.645 GC heap before
{Heap before GC invocations=7 (full 0):
 garbage-first heap   total 59392K, used 42479K [0x0000000780000000, 0x0000000800000000)
  region size 1024K, 27 young (27648K), 4 survivors (4096K)
 Metaspace       used 34544K, committed 34944K, reserved 1081344K
  class space    used 4832K, committed 5056K, reserved 1048576K
}
Event: 295.653 GC heap after
{Heap after GC invocations=8 (full 0):
 garbage-first heap   total 59392K, used 20623K [0x0000000780000000, 0x0000000800000000)
  region size 1024K, 3 young (3072K), 3 survivors (3072K)
 Metaspace       used 34544K, committed 34944K, reserved 1081344K
  class space    used 4832K, committed 5056K, reserved 1048576K
}
Event: 304.725 GC heap before
{Heap before GC invocations=8 (full 0):
 garbage-first heap   total 59392K, used 44175K [0x0000000780000000, 0x0000000800000000)
  region size 1024K, 26 young (26624K), 3 survivors (3072K)
 Metaspace       used 34804K, committed 35264K, reserved 1081344K
  class space    used 4833K, committed 5056K, reserved 1048576K
}
Event: 304.743 GC heap after
{Heap after GC invocations=9 (full 0):
 garbage-first heap   total 59392K, used 20765K [0x0000000780000000, 0x0000000800000000)
  region size 1024K, 2 young (2048K), 2 survivors (2048K)
 Metaspace       used 34804K, committed 35264K, reserved 1081344K
  class space    used 4833K, committed 5056K, reserved 1048576K
}
Event: 309.617 GC heap before
{Heap before GC invocations=9 (full 0):
 garbage-first heap   total 59392K, used 45341K [0x0000000780000000, 0x0000000800000000)
  region size 1024K, 26 young (26624K), 2 survivors (2048K)
 Metaspace       used 35012K, committed 35456K, reserved 1081344K
  class space    used 4833K, committed 5056K, reserved 1048576K
}
Event: 309.627 GC heap after
{Heap after GC invocations=10 (full 0):
 garbage-first heap   total 59392K, used 20719K [0x0000000780000000, 0x0000000800000000)
  region size 1024K, 2 young (2048K), 2 survivors (2048K)
 Metaspace       used 35012K, committed 35456K, reserved 1081344K
  class space    used 4833K, committed 5056K, reserved 1048576K
}
Event: 313.281 GC heap before
{Heap before GC invocations=10 (full 0):
 garbage-first heap   total 59392K, used 45295K [0x0000000780000000, 0x0000000800000000)
  region size 1024K, 26 young (26624K), 2 survivors (2048K)
 Metaspace       used 35152K, committed 35584K, reserved 1081344K
  class space    used 4834K, committed 5056K, reserved 1048576K
}
Event: 313.284 GC heap after
{Heap after GC invocations=11 (full 0):
 garbage-first heap   total 59392K, used 20810K [0x0000000780000000, 0x0000000800000000)
  region size 1024K, 2 young (2048K), 2 survivors (2048K)
 Metaspace       used 35152K, committed 35584K, reserved 1081344K
  class space    used 4834K, committed 5056K, reserved 1048576K
}
Event: 318.013 GC heap before
{Heap before GC invocations=11 (full 0):
 garbage-first heap   total 59392K, used 45386K [0x0000000780000000, 0x0000000800000000)
  region size 1024K, 26 young (26624K), 2 survivors (2048K)
 Metaspace       used 35285K, committed 35712K, reserved 1081344K
  class space    used 4834K, committed 5056K, reserved 1048576K
}
Event: 318.017 GC heap after
{Heap after GC invocations=12 (full 0):
 garbage-first heap   total 59392K, used 20724K [0x0000000780000000, 0x0000000800000000)
  region size 1024K, 2 young (2048K), 2 survivors (2048K)
 Metaspace       used 35285K, committed 35712K, reserved 1081344K
  class space    used 4834K, committed 5056K, reserved 1048576K
}
Event: 322.997 GC heap before
{Heap before GC invocations=12 (full 0):
 garbage-first heap   total 59392K, used 46324K [0x0000000780000000, 0x0000000800000000)
  region size 1024K, 27 young (27648K), 2 survivors (2048K)
 Metaspace       used 35344K, committed 35776K, reserved 1081344K
  class space    used 4834K, committed 5056K, reserved 1048576K
}
Event: 323.008 GC heap after
{Heap after GC invocations=13 (full 0):
 garbage-first heap   total 59392K, used 20633K [0x0000000780000000, 0x0000000800000000)
  region size 1024K, 2 young (2048K), 2 survivors (2048K)
 Metaspace       used 35344K, committed 35776K, reserved 1081344K
  class space    used 4834K, committed 5056K, reserved 1048576K
}

