# JRE version: Java(TM) SE Runtime Environment (17.0.1+12) (build 17.0.1+12-LTS-39)
# Java VM: Java HotSpot(TM) 64-Bit Server VM (17.0.1+12-LTS-39, mixed mode, sharing, tiered, compressed oops, compressed class ptrs, g1 gc, bsd-amd64)
GC Precious Log:
 CPUs: 4 total, 4 available
 Memory: 8192M
 Large Page Support: Disabled
 NUMA Support: Disabled
 Compressed Oops: Enabled (Zero based)
 Heap Region Size: 1M
 Heap Min Capacity: 8M
 Heap Initial Capacity: 128M
 Heap Max Capacity: 2G
 Pre-touch: Disabled
 Parallel Workers: 4
 Concurrent Workers: 1
 Concurrent Refinement Workers: 4
 Periodic GC: Disabled
Heap:
 garbage-first heap   total 137216K, used 68515K [0x0000000780000000, 0x0000000800000000)
  region size 1024K, 36 young (36864K), 1 survivors (1024K)
 Metaspace       used 31463K, committed 31872K, reserved 1081344K
  class space    used 4463K, committed 4672K, reserved 1048576K
GC Heap History (20 events):
Event: 18.034 GC heap before
{Heap before GC invocations=2 (full 0):
 garbage-first heap   total 133120K, used 84915K [0x0000000780000000, 0x0000000800000000)
  region size 1024K, 76 young (77824K), 3 survivors (3072K)
 Metaspace       used 20865K, committed 21248K, reserved 1073152K
  class space    used 3272K, committed 3456K, reserved 1048576K
}
Event: 18.117 GC heap after
{Heap after GC invocations=3 (full 0):
 garbage-first heap   total 133120K, used 15999K [0x0000000780000000, 0x0000000800000000)
  region size 1024K, 9 young (9216K), 9 survivors (9216K)
 Metaspace       used 20865K, committed 21248K, reserved 1073152K
  class space    used 3272K, committed 3456K, reserved 1048576K
}
Event: 19.526 GC heap before
{Heap before GC invocations=3 (full 0):
 garbage-first heap   total 133120K, used 81535K [0x0000000780000000, 0x0000000800000000)
  region size 1024K, 74 young (75776K), 9 survivors (9216K)
 Metaspace       used 21197K, committed 21504K, reserved 1073152K
  class space    used 3295K, committed 3456K, reserved 1048576K
}
Event: 19.556 GC heap after
{Heap after GC invocations=4 (full 0):
 garbage-first heap   total 133120K, used 17328K [0x0000000780000000, 0x0000000800000000)
  region size 1024K, 2 young (2048K), 2 survivors (2048K)
 Metaspace       used 21197K, committed 21504K, reserved 1073152K
  class space    used 3295K, committed 3456K, reserved 1048576K
}
Event: 23.793 GC heap before
{Heap before GC invocations=5 (full 0):
 garbage-first heap   total 68608K, used 57264K [0x0000000780000000, 0x0000000800000000)
  region size 1024K, 39 young (39936K), 2 survivors (2048K)
 Metaspace       used 26171K, committed 26496K, reserved 1073152K
  class space    used 3822K, committed 3968K, reserved 1048576K
}
Event: 23.810 GC heap after
{Heap after GC invocations=6 (full 0):
 garbage-first heap   total 68608K, used 20901K [0x0000000780000000, 0x0000000800000000)
  region size 1024K, 5 young (5120K), 5 survivors (5120K)
 Metaspace       used 26171K, committed 26496K, reserved 1073152K
  class space    used 3822K, committed 3968K, reserved 1048576K
}
Event: 23.954 GC heap before
{Heap before GC invocations=6 (full 0):
 garbage-first heap   total 68608K, used 23973K [0x0000000780000000, 0x0000000800000000)
  region size 1024K, 6 young (6144K), 5 survivors (5120K)
 Metaspace       used 26421K, committed 26880K, reserved 1073152K
  class space    used 3854K, committed 4096K, reserved 1048576K
}
Event: 24.022 GC heap after
{Heap after GC invocations=7 (full 0):
 garbage-first heap   total 68608K, used 21389K [0x0000000780000000, 0x0000000800000000)
  region size 1024K, 1 young (1024K), 1 survivors (1024K)
 Metaspace       used 26421K, committed 26880K, reserved 1073152K
  class space    used 3854K, committed 4096K, reserved 1048576K
}
Event: 26.081 GC heap before
{Heap before GC invocations=7 (full 0):
 garbage-first heap   total 68608K, used 50061K [0x0000000780000000, 0x0000000800000000)
  region size 1024K, 29 young (29696K), 1 survivors (1024K)
 Metaspace       used 30727K, committed 31104K, reserved 1081344K
  class space    used 4446K, committed 4608K, reserved 1048576K
}
Event: 26.105 GC heap after
{Heap after GC invocations=8 (full 0):
 garbage-first heap   total 68608K, used 29298K [0x0000000780000000, 0x0000000800000000)
  region size 1024K, 4 young (4096K), 4 survivors (4096K)
 Metaspace       used 30727K, committed 31104K, reserved 1081344K
  class space    used 4446K, committed 4608K, reserved 1048576K
}
Event: 162.114 GC heap before
{Heap before GC invocations=8 (full 0):
 garbage-first heap   total 68608K, used 46706K [0x0000000780000000, 0x0000000800000000)
  region size 1024K, 21 young (21504K), 4 survivors (4096K)
 Metaspace       used 31305K, committed 31744K, reserved 1081344K
  class space    used 4454K, committed 4672K, reserved 1048576K
}
Event: 162.168 GC heap after
{Heap after GC invocations=9 (full 0):
 garbage-first heap   total 68608K, used 33585K [0x0000000780000000, 0x0000000800000000)
  region size 1024K, 3 young (3072K), 3 survivors (3072K)
 Metaspace       used 31305K, committed 31744K, reserved 1081344K
  class space    used 4454K, committed 4672K, reserved 1048576K
}
Event: 162.737 GC heap before
{Heap before GC invocations=9 (full 0):
 garbage-first heap   total 68608K, used 48945K [0x0000000780000000, 0x0000000800000000)
  region size 1024K, 18 young (18432K), 3 survivors (3072K)
 Metaspace       used 31391K, committed 31872K, reserved 1081344K
  class space    used 4457K, committed 4672K, reserved 1048576K
}
Event: 162.756 GC heap after
{Heap after GC invocations=10 (full 0):
 garbage-first heap   total 68608K, used 34513K [0x0000000780000000, 0x0000000800000000)
  region size 1024K, 1 young (1024K), 1 survivors (1024K)
 Metaspace       used 31391K, committed 31872K, reserved 1081344K
  class space    used 4457K, committed 4672K, reserved 1048576K
}
Event: 163.213 GC heap before
{Heap before GC invocations=11 (full 0):
 garbage-first heap   total 68608K, used 49873K [0x0000000780000000, 0x0000000800000000)
  region size 1024K, 16 young (16384K), 1 survivors (1024K)
 Metaspace       used 31401K, committed 31872K, reserved 1081344K
  class space    used 4459K, committed 4672K, reserved 1048576K
}
Event: 163.216 GC heap after
{Heap after GC invocations=12 (full 0):
 garbage-first heap   total 68608K, used 34272K [0x0000000780000000, 0x0000000800000000)
  region size 1024K, 1 young (1024K), 1 survivors (1024K)
 Metaspace       used 31401K, committed 31872K, reserved 1081344K
  class space    used 4459K, committed 4672K, reserved 1048576K
}
Event: 163.234 GC heap before
{Heap before GC invocations=12 (full 0):
 garbage-first heap   total 68608K, used 36320K [0x0000000780000000, 0x0000000800000000)
  region size 1024K, 3 young (3072K), 1 survivors (1024K)
 Metaspace       used 31409K, committed 31872K, reserved 1081344K
  class space    used 4462K, committed 4672K, reserved 1048576K
}
Event: 163.238 GC heap after
{Heap after GC invocations=13 (full 0):
 garbage-first heap   total 137216K, used 33375K [0x0000000780000000, 0x0000000800000000)
  region size 1024K, 1 young (1024K), 1 survivors (1024K)
 Metaspace       used 31409K, committed 31872K, reserved 1081344K
  class space    used 4462K, committed 4672K, reserved 1048576K
}
Event: 166.480 GC heap before
{Heap before GC invocations=13 (full 0):
 garbage-first heap   total 137216K, used 85599K [0x0000000780000000, 0x0000000800000000)
  region size 1024K, 52 young (53248K), 1 survivors (1024K)
 Metaspace       used 31442K, committed 31872K, reserved 1081344K
  class space    used 4463K, committed 4672K, reserved 1048576K
}
Event: 166.484 GC heap after
{Heap after GC invocations=14 (full 0):
 garbage-first heap   total 137216K, used 33699K [0x0000000780000000, 0x0000000800000000)
  region size 1024K, 1 young (1024K), 1 survivors (1024K)
 Metaspace       used 31442K, committed 31872K, reserved 1081344K
  class space    used 4463K, committed 4672K, reserved 1048576K
}

